[ 2017-09-19T09:03:12+08:00 ] ::1 /ode_blog/
INFO: [ app_init ] --START--
INFO: Run Behavior\BuildLiteBehavior [ RunTime:0.000000s ]
INFO: [ app_init ] --END-- [ RunTime:0.018001s ]
INFO: [ app_begin ] --START--
INFO: Run Behavior\ReadHtmlCacheBehavior [ RunTime:0.002000s ]
INFO: [ app_begin ] --END-- [ RunTime:0.002000s ]
ERR: SQLSTATE[HY000] [1045] Access denied for user 'root'@'localhost' (using password: YES)

[ 2017-09-19T09:03:24+08:00 ] ::1 /ode_blog/
INFO: [ app_init ] --START--
INFO: Run Behavior\BuildLiteBehavior [ RunTime:0.000000s ]
INFO: [ app_init ] --END-- [ RunTime:0.000000s ]
INFO: [ app_begin ] --START--
INFO: Run Behavior\ReadHtmlCacheBehavior [ RunTime:0.001000s ]
INFO: [ app_begin ] --END-- [ RunTime:0.001000s ]
SQL: SHOW COLUMNS FROM `ode_category` [ RunTime:0.0680s ]
SQL: SELECT * FROM ode_category c WHERE cat_level = 1 [ RunTime:0.0040s ]
SQL: SELECT * FROM ode_category c WHERE cat_parent_id = 1 [ RunTime:0.0010s ]
SQL: SELECT * FROM ode_category c WHERE cat_parent_id = 2 [ RunTime:0.0000s ]
SQL: SELECT * FROM ode_category c WHERE cat_parent_id = 3 [ RunTime:0.0000s ]
SQL: SELECT * FROM ode_category c WHERE cat_parent_id = 4 [ RunTime:0.0010s ]
SQL: SELECT * FROM ode_category c WHERE cat_parent_id = 5 [ RunTime:0.0000s ]
SQL: SELECT * FROM ode_category c WHERE cat_parent_id = 6 [ RunTime:0.0010s ]
SQL: SHOW COLUMNS FROM `ode_recommend` [ RunTime:0.0390s ]
SQL: SHOW COLUMNS FROM `ode_recommend` [ RunTime:0.0140s ]
SQL: SELECT r.article_id,a.article_title,a.article_img,FROM_UNIXTIME(a.article_time,'%Y-%m-%d') article_time,a.atype_id,at.atype_name FROM ode_recommend r LEFT JOIN ode_article a ON r.article_id = a.article_id LEFT JOIN ode_articletype at ON a.atype_id = at.atype_id  ORDER BY r.recommend_rank  [ RunTime:0.0460s ]
SQL: SHOW COLUMNS FROM `ode_article` [ RunTime:0.0140s ]
SQL: SHOW COLUMNS FROM `ode_article` [ RunTime:0.0140s ]
SQL: SELECT a.article_id,a.article_title,at.atype_name FROM ode_article a LEFT JOIN ode_articletype at ON a.atype_id = at.atype_id   ORDER BY article_clicks LIMIT 10   [ RunTime:0.0040s ]
INFO: [ view_parse ] --START--
INFO: [ template_filter ] --START--
INFO: Run Behavior\ContentReplaceBehavior [ RunTime:0.014000s ]
INFO: [ template_filter ] --END-- [ RunTime:0.014000s ]
INFO: Run Behavior\ParseTemplateBehavior [ RunTime:0.065004s ]
INFO: [ view_parse ] --END-- [ RunTime:0.065004s ]
INFO: [ view_filter ] --START--
INFO: Run Behavior\WriteHtmlCacheBehavior [ RunTime:0.013000s ]
INFO: [ view_filter ] --END-- [ RunTime:0.013000s ]
INFO: [ app_end ] --START--
INFO: Run Behavior\ShowPageTraceBehavior [ RunTime:0.009001s ]
INFO: [ app_end ] --END-- [ RunTime:0.009001s ]

[ 2017-09-19T09:03:27+08:00 ] ::1 /ode_blog/
INFO: [ app_init ] --START--
INFO: Run Behavior\BuildLiteBehavior [ RunTime:0.000000s ]
INFO: [ app_init ] --END-- [ RunTime:0.001000s ]
INFO: [ app_begin ] --START--
INFO: Run Behavior\ReadHtmlCacheBehavior [ RunTime:0.001000s ]
INFO: [ app_begin ] --END-- [ RunTime:0.001000s ]
SQL: SHOW COLUMNS FROM `ode_category` [ RunTime:0.0090s ]
SQL: SELECT * FROM ode_category c WHERE cat_level = 1 [ RunTime:0.0000s ]
SQL: SELECT * FROM ode_category c WHERE cat_parent_id = 1 [ RunTime:0.0010s ]
SQL: SELECT * FROM ode_category c WHERE cat_parent_id = 2 [ RunTime:0.0000s ]
SQL: SELECT * FROM ode_category c WHERE cat_parent_id = 3 [ RunTime:0.0000s ]
SQL: SELECT * FROM ode_category c WHERE cat_parent_id = 4 [ RunTime:0.0000s ]
SQL: SELECT * FROM ode_category c WHERE cat_parent_id = 5 [ RunTime:0.0010s ]
SQL: SELECT * FROM ode_category c WHERE cat_parent_id = 6 [ RunTime:0.0000s ]
SQL: SHOW COLUMNS FROM `ode_recommend` [ RunTime:0.0090s ]
SQL: SHOW COLUMNS FROM `ode_recommend` [ RunTime:0.0080s ]
SQL: SELECT r.article_id,a.article_title,a.article_img,FROM_UNIXTIME(a.article_time,'%Y-%m-%d') article_time,a.atype_id,at.atype_name FROM ode_recommend r LEFT JOIN ode_article a ON r.article_id = a.article_id LEFT JOIN ode_articletype at ON a.atype_id = at.atype_id  ORDER BY r.recommend_rank  [ RunTime:0.0010s ]
SQL: SHOW COLUMNS FROM `ode_article` [ RunTime:0.0090s ]
SQL: SHOW COLUMNS FROM `ode_article` [ RunTime:0.0080s ]
SQL: SELECT a.article_id,a.article_title,at.atype_name FROM ode_article a LEFT JOIN ode_articletype at ON a.atype_id = at.atype_id   ORDER BY article_clicks LIMIT 10   [ RunTime:0.0010s ]
INFO: [ view_parse ] --START--
INFO: [ template_filter ] --START--
INFO: Run Behavior\ContentReplaceBehavior [ RunTime:0.000000s ]
INFO: [ template_filter ] --END-- [ RunTime:0.000000s ]
INFO: Run Behavior\ParseTemplateBehavior [ RunTime:0.011000s ]
INFO: [ view_parse ] --END-- [ RunTime:0.011000s ]
INFO: [ view_filter ] --START--
INFO: Run Behavior\WriteHtmlCacheBehavior [ RunTime:0.000000s ]
INFO: [ view_filter ] --END-- [ RunTime:0.000000s ]
INFO: [ app_end ] --START--
INFO: Run Behavior\ShowPageTraceBehavior [ RunTime:0.001000s ]
INFO: [ app_end ] --END-- [ RunTime:0.001000s ]

[ 2017-09-19T09:03:28+08:00 ] ::1 /ode_blog/
INFO: [ app_init ] --START--
INFO: Run Behavior\BuildLiteBehavior [ RunTime:0.000000s ]
INFO: [ app_init ] --END-- [ RunTime:0.001000s ]
INFO: [ app_begin ] --START--
INFO: Run Behavior\ReadHtmlCacheBehavior [ RunTime:0.000000s ]
INFO: [ app_begin ] --END-- [ RunTime:0.000000s ]
SQL: SHOW COLUMNS FROM `ode_category` [ RunTime:0.0080s ]
SQL: SELECT * FROM ode_category c WHERE cat_level = 1 [ RunTime:0.0000s ]
SQL: SELECT * FROM ode_category c WHERE cat_parent_id = 1 [ RunTime:0.0000s ]
SQL: SELECT * FROM ode_category c WHERE cat_parent_id = 2 [ RunTime:0.0010s ]
SQL: SELECT * FROM ode_category c WHERE cat_parent_id = 3 [ RunTime:0.0000s ]
SQL: SELECT * FROM ode_category c WHERE cat_parent_id = 4 [ RunTime:0.0000s ]
SQL: SELECT * FROM ode_category c WHERE cat_parent_id = 5 [ RunTime:0.0000s ]
SQL: SELECT * FROM ode_category c WHERE cat_parent_id = 6 [ RunTime:0.0010s ]
SQL: SHOW COLUMNS FROM `ode_recommend` [ RunTime:0.0080s ]
SQL: SHOW COLUMNS FROM `ode_recommend` [ RunTime:0.0090s ]
SQL: SELECT r.article_id,a.article_title,a.article_img,FROM_UNIXTIME(a.article_time,'%Y-%m-%d') article_time,a.atype_id,at.atype_name FROM ode_recommend r LEFT JOIN ode_article a ON r.article_id = a.article_id LEFT JOIN ode_articletype at ON a.atype_id = at.atype_id  ORDER BY r.recommend_rank  [ RunTime:0.0010s ]
SQL: SHOW COLUMNS FROM `ode_article` [ RunTime:0.0090s ]
SQL: SHOW COLUMNS FROM `ode_article` [ RunTime:0.0080s ]
SQL: SELECT a.article_id,a.article_title,at.atype_name FROM ode_article a LEFT JOIN ode_articletype at ON a.atype_id = at.atype_id   ORDER BY article_clicks LIMIT 10   [ RunTime:0.0010s ]
INFO: [ view_parse ] --START--
INFO: [ template_filter ] --START--
INFO: Run Behavior\ContentReplaceBehavior [ RunTime:0.000000s ]
INFO: [ template_filter ] --END-- [ RunTime:0.000000s ]
INFO: Run Behavior\ParseTemplateBehavior [ RunTime:0.011001s ]
INFO: [ view_parse ] --END-- [ RunTime:0.011001s ]
INFO: [ view_filter ] --START--
INFO: Run Behavior\WriteHtmlCacheBehavior [ RunTime:0.000000s ]
INFO: [ view_filter ] --END-- [ RunTime:0.000000s ]
INFO: [ app_end ] --START--
INFO: Run Behavior\ShowPageTraceBehavior [ RunTime:0.000000s ]
INFO: [ app_end ] --END-- [ RunTime:0.001000s ]

[ 2017-09-19T09:03:28+08:00 ] ::1 /ode_blog/
INFO: [ app_init ] --START--
INFO: Run Behavior\BuildLiteBehavior [ RunTime:0.000000s ]
INFO: [ app_init ] --END-- [ RunTime:0.001000s ]
INFO: [ app_begin ] --START--
INFO: Run Behavior\ReadHtmlCacheBehavior [ RunTime:0.000000s ]
INFO: [ app_begin ] --END-- [ RunTime:0.001000s ]
SQL: SHOW COLUMNS FROM `ode_category` [ RunTime:0.0090s ]
SQL: SELECT * FROM ode_category c WHERE cat_level = 1 [ RunTime:0.0010s ]
SQL: SELECT * FROM ode_category c WHERE cat_parent_id = 1 [ RunTime:0.0000s ]
SQL: SELECT * FROM ode_category c WHERE cat_parent_id = 2 [ RunTime:0.0000s ]
SQL: SELECT * FROM ode_category c WHERE cat_parent_id = 3 [ RunTime:0.0010s ]
SQL: SELECT * FROM ode_category c WHERE cat_parent_id = 4 [ RunTime:0.0000s ]
SQL: SELECT * FROM ode_category c WHERE cat_parent_id = 5 [ RunTime:0.0000s ]
SQL: SELECT * FROM ode_category c WHERE cat_parent_id = 6 [ RunTime:0.0000s ]
SQL: SHOW COLUMNS FROM `ode_recommend` [ RunTime:0.0090s ]
SQL: SHOW COLUMNS FROM `ode_recommend` [ RunTime:0.0080s ]
SQL: SELECT r.article_id,a.article_title,a.article_img,FROM_UNIXTIME(a.article_time,'%Y-%m-%d') article_time,a.atype_id,at.atype_name FROM ode_recommend r LEFT JOIN ode_article a ON r.article_id = a.article_id LEFT JOIN ode_articletype at ON a.atype_id = at.atype_id  ORDER BY r.recommend_rank  [ RunTime:0.0000s ]
SQL: SHOW COLUMNS FROM `ode_article` [ RunTime:0.0080s ]
SQL: SHOW COLUMNS FROM `ode_article` [ RunTime:0.0090s ]
SQL: SELECT a.article_id,a.article_title,at.atype_name FROM ode_article a LEFT JOIN ode_articletype at ON a.atype_id = at.atype_id   ORDER BY article_clicks LIMIT 10   [ RunTime:0.0000s ]
INFO: [ view_parse ] --START--
INFO: [ template_filter ] --START--
INFO: Run Behavior\ContentReplaceBehavior [ RunTime:0.000000s ]
INFO: [ template_filter ] --END-- [ RunTime:0.000000s ]
INFO: Run Behavior\ParseTemplateBehavior [ RunTime:0.011001s ]
INFO: [ view_parse ] --END-- [ RunTime:0.011001s ]
INFO: [ view_filter ] --START--
INFO: Run Behavior\WriteHtmlCacheBehavior [ RunTime:0.000000s ]
INFO: [ view_filter ] --END-- [ RunTime:0.000000s ]
INFO: [ app_end ] --START--
INFO: Run Behavior\ShowPageTraceBehavior [ RunTime:0.001000s ]
INFO: [ app_end ] --END-- [ RunTime:0.001000s ]

[ 2017-09-19T16:34:17+08:00 ] ::1 /ode_blog/home/upload/index
INFO: [ app_init ] --START--
INFO: Run Behavior\BuildLiteBehavior [ RunTime:0.000000s ]
INFO: [ app_init ] --END-- [ RunTime:0.000000s ]
INFO: [ app_begin ] --START--
INFO: Run Behavior\ReadHtmlCacheBehavior [ RunTime:0.000000s ]
INFO: [ app_begin ] --END-- [ RunTime:0.000000s ]
NOTIC: [2] call_user_func() expects parameter 1 to be a valid callback, no array or string given D:\xampp\htdocs\ode_blog\ThinkPHP\Library\Think\Upload.class.php 第 170 行.
INFO: [ app_end ] --START--
INFO: Run Behavior\ShowPageTraceBehavior [ RunTime:0.001000s ]
INFO: [ app_end ] --END-- [ RunTime:0.001000s ]

[ 2017-09-19T16:34:24+08:00 ] ::1 /ode_blog/home/upload/index
INFO: [ app_init ] --START--
INFO: Run Behavior\BuildLiteBehavior [ RunTime:0.000000s ]
INFO: [ app_init ] --END-- [ RunTime:0.000000s ]
INFO: [ app_begin ] --START--
INFO: Run Behavior\ReadHtmlCacheBehavior [ RunTime:0.001000s ]
INFO: [ app_begin ] --END-- [ RunTime:0.001000s ]
NOTIC: [2] call_user_func() expects parameter 1 to be a valid callback, no array or string given D:\xampp\htdocs\ode_blog\ThinkPHP\Library\Think\Upload.class.php 第 170 行.
INFO: [ app_end ] --START--
INFO: Run Behavior\ShowPageTraceBehavior [ RunTime:0.001000s ]
INFO: [ app_end ] --END-- [ RunTime:0.001000s ]

[ 2017-09-19T16:35:19+08:00 ] ::1 /ode_blog/home/upload/index
INFO: [ app_init ] --START--
INFO: Run Behavior\BuildLiteBehavior [ RunTime:0.000000s ]
INFO: [ app_init ] --END-- [ RunTime:0.000000s ]
INFO: [ app_begin ] --START--
INFO: Run Behavior\ReadHtmlCacheBehavior [ RunTime:0.001000s ]
INFO: [ app_begin ] --END-- [ RunTime:0.001000s ]
NOTIC: [2] call_user_func() expects parameter 1 to be a valid callback, no array or string given D:\xampp\htdocs\ode_blog\ThinkPHP\Library\Think\Upload.class.php 第 170 行.
INFO: [ app_end ] --START--
INFO: Run Behavior\ShowPageTraceBehavior [ RunTime:0.000000s ]
INFO: [ app_end ] --END-- [ RunTime:0.000000s ]

[ 2017-09-19T16:40:24+08:00 ] ::1 /ode_blog/home/upload/index
INFO: [ app_init ] --START--
INFO: Run Behavior\BuildLiteBehavior [ RunTime:0.000000s ]
INFO: [ app_init ] --END-- [ RunTime:0.000000s ]
INFO: [ app_begin ] --START--
INFO: Run Behavior\ReadHtmlCacheBehavior [ RunTime:0.001000s ]
INFO: [ app_begin ] --END-- [ RunTime:0.001000s ]
NOTIC: [2] call_user_func() expects parameter 1 to be a valid callback, no array or string given D:\xampp\htdocs\ode_blog\ThinkPHP\Library\Think\Upload.class.php 第 170 行.
INFO: [ app_end ] --START--
INFO: Run Behavior\ShowPageTraceBehavior [ RunTime:0.001000s ]
INFO: [ app_end ] --END-- [ RunTime:0.001000s ]

[ 2017-09-19T16:41:42+08:00 ] ::1 /ode_blog/home/upload/index
INFO: [ app_init ] --START--
INFO: Run Behavior\BuildLiteBehavior [ RunTime:0.000000s ]
INFO: [ app_init ] --END-- [ RunTime:0.001000s ]
INFO: [ app_begin ] --START--
INFO: Run Behavior\ReadHtmlCacheBehavior [ RunTime:0.001000s ]
INFO: [ app_begin ] --END-- [ RunTime:0.001000s ]
NOTIC: [2] call_user_func() expects parameter 1 to be a valid callback, no array or string given D:\xampp\htdocs\ode_blog\ThinkPHP\Library\Think\Upload.class.php 第 170 行.
INFO: [ app_end ] --START--
INFO: Run Behavior\ShowPageTraceBehavior [ RunTime:0.001000s ]
INFO: [ app_end ] --END-- [ RunTime:0.001000s ]

[ 2017-09-19T16:42:41+08:00 ] ::1 /ode_blog/home/upload/index
INFO: [ app_init ] --START--
INFO: Run Behavior\BuildLiteBehavior [ RunTime:0.000000s ]
INFO: [ app_init ] --END-- [ RunTime:0.001000s ]
INFO: [ app_begin ] --START--
INFO: Run Behavior\ReadHtmlCacheBehavior [ RunTime:0.000000s ]
INFO: [ app_begin ] --END-- [ RunTime:0.000000s ]
INFO: [ app_end ] --START--
INFO: Run Behavior\ShowPageTraceBehavior [ RunTime:0.001000s ]
INFO: [ app_end ] --END-- [ RunTime:0.001000s ]

[ 2017-09-19T16:42:50+08:00 ] ::1 /ode_blog/index.php/home/upload/index
INFO: [ app_init ] --START--
INFO: Run Behavior\BuildLiteBehavior [ RunTime:0.000000s ]
INFO: [ app_init ] --END-- [ RunTime:0.000000s ]
INFO: [ app_begin ] --START--
INFO: Run Behavior\ReadHtmlCacheBehavior [ RunTime:0.001000s ]
INFO: [ app_begin ] --END-- [ RunTime:0.001000s ]
INFO: [ app_end ] --START--
INFO: Run Behavior\ShowPageTraceBehavior [ RunTime:0.000000s ]
INFO: [ app_end ] --END-- [ RunTime:0.000000s ]

[ 2017-09-19T16:42:56+08:00 ] ::1 /ode_blog/home/upload/index
INFO: [ app_init ] --START--
INFO: Run Behavior\BuildLiteBehavior [ RunTime:0.000000s ]
INFO: [ app_init ] --END-- [ RunTime:0.000000s ]
INFO: [ app_begin ] --START--
INFO: Run Behavior\ReadHtmlCacheBehavior [ RunTime:0.001000s ]
INFO: [ app_begin ] --END-- [ RunTime:0.001000s ]
INFO: [ app_end ] --START--
INFO: Run Behavior\ShowPageTraceBehavior [ RunTime:0.001000s ]
INFO: [ app_end ] --END-- [ RunTime:0.001000s ]

[ 2017-09-19T16:44:08+08:00 ] ::1 /ode_blog/home/upload/index
INFO: [ app_init ] --START--
INFO: Run Behavior\BuildLiteBehavior [ RunTime:0.000000s ]
INFO: [ app_init ] --END-- [ RunTime:0.000000s ]
INFO: [ app_begin ] --START--
INFO: Run Behavior\ReadHtmlCacheBehavior [ RunTime:0.000000s ]
INFO: [ app_begin ] --END-- [ RunTime:0.001001s ]
NOTIC: [2] call_user_func() expects parameter 1 to be a valid callback, no array or string given D:\xampp\htdocs\ode_blog\ThinkPHP\Library\Think\Upload.class.php 第 170 行.
INFO: [ app_end ] --START--
INFO: Run Behavior\ShowPageTraceBehavior [ RunTime:0.001000s ]
INFO: [ app_end ] --END-- [ RunTime:0.001000s ]

[ 2017-09-19T16:44:12+08:00 ] ::1 /ode_blog/home/upload/index
INFO: [ app_init ] --START--
INFO: Run Behavior\BuildLiteBehavior [ RunTime:0.000000s ]
INFO: [ app_init ] --END-- [ RunTime:0.000000s ]
INFO: [ app_begin ] --START--
INFO: Run Behavior\ReadHtmlCacheBehavior [ RunTime:0.001000s ]
INFO: [ app_begin ] --END-- [ RunTime:0.001000s ]
NOTIC: [2] call_user_func() expects parameter 1 to be a valid callback, no array or string given D:\xampp\htdocs\ode_blog\ThinkPHP\Library\Think\Upload.class.php 第 170 行.
INFO: [ app_end ] --START--
INFO: Run Behavior\ShowPageTraceBehavior [ RunTime:0.001000s ]
INFO: [ app_end ] --END-- [ RunTime:0.001000s ]

[ 2017-09-19T16:45:16+08:00 ] ::1 /ode_blog/home/upload/index
INFO: [ app_init ] --START--
INFO: Run Behavior\BuildLiteBehavior [ RunTime:0.000000s ]
INFO: [ app_init ] --END-- [ RunTime:0.000000s ]
INFO: [ app_begin ] --START--
INFO: Run Behavior\ReadHtmlCacheBehavior [ RunTime:0.001000s ]
INFO: [ app_begin ] --END-- [ RunTime:0.001000s ]
NOTIC: [2] call_user_func() expects parameter 1 to be a valid callback, no array or string given D:\xampp\htdocs\ode_blog\ThinkPHP\Library\Think\Upload.class.php 第 170 行.
INFO: [ app_end ] --START--
INFO: Run Behavior\ShowPageTraceBehavior [ RunTime:0.001000s ]
INFO: [ app_end ] --END-- [ RunTime:0.001000s ]

[ 2017-09-19T16:46:13+08:00 ] ::1 /ode_blog/index.php/home/upload/index
INFO: [ app_init ] --START--
INFO: Run Behavior\BuildLiteBehavior [ RunTime:0.000000s ]
INFO: [ app_init ] --END-- [ RunTime:0.000000s ]
INFO: [ app_begin ] --START--
INFO: Run Behavior\ReadHtmlCacheBehavior [ RunTime:0.001000s ]
INFO: [ app_begin ] --END-- [ RunTime:0.001000s ]
NOTIC: [2] call_user_func() expects parameter 1 to be a valid callback, no array or string given D:\xampp\htdocs\ode_blog\ThinkPHP\Library\Think\Upload.class.php 第 170 行.
INFO: [ app_end ] --START--
INFO: Run Behavior\ShowPageTraceBehavior [ RunTime:0.001000s ]
INFO: [ app_end ] --END-- [ RunTime:0.001000s ]

[ 2017-09-19T16:46:17+08:00 ] ::1 /ode_blog/index.php/home/upload/index
INFO: [ app_init ] --START--
INFO: Run Behavior\BuildLiteBehavior [ RunTime:0.000000s ]
INFO: [ app_init ] --END-- [ RunTime:0.000000s ]
INFO: [ app_begin ] --START--
INFO: Run Behavior\ReadHtmlCacheBehavior [ RunTime:0.001000s ]
INFO: [ app_begin ] --END-- [ RunTime:0.001000s ]
NOTIC: [2] call_user_func() expects parameter 1 to be a valid callback, no array or string given D:\xampp\htdocs\ode_blog\ThinkPHP\Library\Think\Upload.class.php 第 170 行.
INFO: [ app_end ] --START--
INFO: Run Behavior\ShowPageTraceBehavior [ RunTime:0.001000s ]
INFO: [ app_end ] --END-- [ RunTime:0.001000s ]

[ 2017-09-19T16:51:30+08:00 ] ::1 /ode_blog/home/upload/index
INFO: [ app_init ] --START--
INFO: Run Behavior\BuildLiteBehavior [ RunTime:0.000000s ]
INFO: [ app_init ] --END-- [ RunTime:0.000000s ]
INFO: [ app_begin ] --START--
INFO: Run Behavior\ReadHtmlCacheBehavior [ RunTime:0.000000s ]
INFO: [ app_begin ] --END-- [ RunTime:0.000000s ]
NOTIC: [2] call_user_func() expects parameter 1 to be a valid callback, no array or string given D:\xampp\htdocs\ode_blog\ThinkPHP\Library\Think\Upload.class.php 第 170 行.
INFO: [ app_end ] --START--
INFO: Run Behavior\ShowPageTraceBehavior [ RunTime:0.001000s ]
INFO: [ app_end ] --END-- [ RunTime:0.001000s ]

[ 2017-09-19T16:51:37+08:00 ] ::1 /ode_blog/home/upload/index
INFO: [ app_init ] --START--
INFO: Run Behavior\BuildLiteBehavior [ RunTime:0.000000s ]
INFO: [ app_init ] --END-- [ RunTime:0.001000s ]
INFO: [ app_begin ] --START--
INFO: Run Behavior\ReadHtmlCacheBehavior [ RunTime:0.000000s ]
INFO: [ app_begin ] --END-- [ RunTime:0.000000s ]
NOTIC: [2] call_user_func() expects parameter 1 to be a valid callback, no array or string given D:\xampp\htdocs\ode_blog\ThinkPHP\Library\Think\Upload.class.php 第 170 行.
INFO: [ app_end ] --START--
INFO: Run Behavior\ShowPageTraceBehavior [ RunTime:0.000000s ]
INFO: [ app_end ] --END-- [ RunTime:0.000000s ]

[ 2017-09-19T16:51:44+08:00 ] ::1 /ode_blog/home/upload/index
INFO: [ app_init ] --START--
INFO: Run Behavior\BuildLiteBehavior [ RunTime:0.000000s ]
INFO: [ app_init ] --END-- [ RunTime:0.000000s ]
INFO: [ app_begin ] --START--
INFO: Run Behavior\ReadHtmlCacheBehavior [ RunTime:0.000000s ]
INFO: [ app_begin ] --END-- [ RunTime:0.001000s ]
NOTIC: [2] call_user_func() expects parameter 1 to be a valid callback, no array or string given D:\xampp\htdocs\ode_blog\ThinkPHP\Library\Think\Upload.class.php 第 170 行.
INFO: [ app_end ] --START--
INFO: Run Behavior\ShowPageTraceBehavior [ RunTime:0.001000s ]
INFO: [ app_end ] --END-- [ RunTime:0.001000s ]

[ 2017-09-19T16:51:50+08:00 ] ::1 /ode_blog/home/upload/index
INFO: [ app_init ] --START--
INFO: Run Behavior\BuildLiteBehavior [ RunTime:0.000000s ]
INFO: [ app_init ] --END-- [ RunTime:0.001000s ]
INFO: [ app_begin ] --START--
INFO: Run Behavior\ReadHtmlCacheBehavior [ RunTime:0.000000s ]
INFO: [ app_begin ] --END-- [ RunTime:0.000000s ]
NOTIC: [2] call_user_func() expects parameter 1 to be a valid callback, no array or string given D:\xampp\htdocs\ode_blog\ThinkPHP\Library\Think\Upload.class.php 第 170 行.
INFO: [ app_end ] --START--
INFO: Run Behavior\ShowPageTraceBehavior [ RunTime:0.001000s ]
INFO: [ app_end ] --END-- [ RunTime:0.001000s ]

[ 2017-09-19T16:51:57+08:00 ] ::1 /ode_blog/home/upload/index
INFO: [ app_init ] --START--
INFO: Run Behavior\BuildLiteBehavior [ RunTime:0.000000s ]
INFO: [ app_init ] --END-- [ RunTime:0.000000s ]
INFO: [ app_begin ] --START--
INFO: Run Behavior\ReadHtmlCacheBehavior [ RunTime:0.001000s ]
INFO: [ app_begin ] --END-- [ RunTime:0.001000s ]
NOTIC: [2] call_user_func() expects parameter 1 to be a valid callback, no array or string given D:\xampp\htdocs\ode_blog\ThinkPHP\Library\Think\Upload.class.php 第 170 行.
INFO: [ app_end ] --START--
INFO: Run Behavior\ShowPageTraceBehavior [ RunTime:0.000000s ]
INFO: [ app_end ] --END-- [ RunTime:0.000000s ]

[ 2017-09-19T16:52:43+08:00 ] ::1 /ode_blog/home/upload/index
INFO: [ app_init ] --START--
INFO: Run Behavior\BuildLiteBehavior [ RunTime:0.000000s ]
INFO: [ app_init ] --END-- [ RunTime:0.001000s ]
INFO: [ app_begin ] --START--
INFO: Run Behavior\ReadHtmlCacheBehavior [ RunTime:0.000000s ]
INFO: [ app_begin ] --END-- [ RunTime:0.000000s ]
NOTIC: [2] call_user_func() expects parameter 1 to be a valid callback, no array or string given D:\xampp\htdocs\ode_blog\ThinkPHP\Library\Think\Upload.class.php 第 170 行.
INFO: [ app_end ] --START--
INFO: Run Behavior\ShowPageTraceBehavior [ RunTime:0.001000s ]
INFO: [ app_end ] --END-- [ RunTime:0.001000s ]

[ 2017-09-19T16:54:06+08:00 ] ::1 /ode_blog/home/upload/index
INFO: [ app_init ] --START--
INFO: Run Behavior\BuildLiteBehavior [ RunTime:0.000000s ]
INFO: [ app_init ] --END-- [ RunTime:0.000000s ]
INFO: [ app_begin ] --START--
INFO: Run Behavior\ReadHtmlCacheBehavior [ RunTime:0.001000s ]
INFO: [ app_begin ] --END-- [ RunTime:0.001000s ]
NOTIC: [2] call_user_func() expects parameter 1 to be a valid callback, no array or string given D:\xampp\htdocs\ode_blog\ThinkPHP\Library\Think\Upload.class.php 第 170 行.
INFO: [ app_end ] --START--
INFO: Run Behavior\ShowPageTraceBehavior [ RunTime:0.001000s ]
INFO: [ app_end ] --END-- [ RunTime:0.001000s ]

[ 2017-09-19T16:54:33+08:00 ] ::1 /ode_blog/home/upload/index
INFO: [ app_init ] --START--
INFO: Run Behavior\BuildLiteBehavior [ RunTime:0.000000s ]
INFO: [ app_init ] --END-- [ RunTime:0.000000s ]
INFO: [ app_begin ] --START--
INFO: Run Behavior\ReadHtmlCacheBehavior [ RunTime:0.001000s ]
INFO: [ app_begin ] --END-- [ RunTime:0.001000s ]
NOTIC: [2] call_user_func() expects parameter 1 to be a valid callback, no array or string given D:\xampp\htdocs\ode_blog\ThinkPHP\Library\Think\Upload.class.php 第 170 行.
INFO: [ app_end ] --START--
INFO: Run Behavior\ShowPageTraceBehavior [ RunTime:0.001000s ]
INFO: [ app_end ] --END-- [ RunTime:0.001000s ]

[ 2017-09-19T16:56:44+08:00 ] ::1 /ode_blog/home/upload/index
INFO: [ app_init ] --START--
INFO: Run Behavior\BuildLiteBehavior [ RunTime:0.000000s ]
INFO: [ app_init ] --END-- [ RunTime:0.001000s ]
INFO: [ app_begin ] --START--
INFO: Run Behavior\ReadHtmlCacheBehavior [ RunTime:0.000000s ]
INFO: [ app_begin ] --END-- [ RunTime:0.000000s ]
NOTIC: [2] call_user_func() expects parameter 1 to be a valid callback, no array or string given D:\xampp\htdocs\ode_blog\ThinkPHP\Library\Think\Upload.class.php 第 170 行.
INFO: [ app_end ] --START--
INFO: Run Behavior\ShowPageTraceBehavior [ RunTime:0.000000s ]
INFO: [ app_end ] --END-- [ RunTime:0.000000s ]

[ 2017-09-19T17:15:20+08:00 ] ::1 /ode_blog/home/article/add
INFO: [ app_init ] --START--
INFO: Run Behavior\BuildLiteBehavior [ RunTime:0.000000s ]
INFO: [ app_init ] --END-- [ RunTime:0.000000s ]
INFO: [ app_begin ] --START--
INFO: Run Behavior\ReadHtmlCacheBehavior [ RunTime:0.001000s ]
INFO: [ app_begin ] --END-- [ RunTime:0.001000s ]
NOTIC: [8] Undefined offset: 1 D:\xampp\htdocs\ode_blog\Application\Home\Controller\ArticleController.class.php 第 22 行.
ERR: SQLSTATE[HY000] [1045] Access denied for user 'root'@'localhost' (using password: YES)

[ 2017-09-19T17:15:22+08:00 ] ::1 /ode_blog/home/article/add
INFO: [ app_init ] --START--
INFO: Run Behavior\BuildLiteBehavior [ RunTime:0.000000s ]
INFO: [ app_init ] --END-- [ RunTime:0.001001s ]
INFO: [ app_begin ] --START--
INFO: Run Behavior\ReadHtmlCacheBehavior [ RunTime:0.001000s ]
INFO: [ app_begin ] --END-- [ RunTime:0.001000s ]
NOTIC: [8] Undefined offset: 1 D:\xampp\htdocs\ode_blog\Application\Home\Controller\ArticleController.class.php 第 22 行.
ERR: SQLSTATE[HY000] [1045] Access denied for user 'root'@'localhost' (using password: YES)

[ 2017-09-19T17:16:09+08:00 ] ::1 /ode_blog/home/article/add
INFO: [ app_init ] --START--
INFO: Run Behavior\BuildLiteBehavior [ RunTime:0.000000s ]
INFO: [ app_init ] --END-- [ RunTime:0.000000s ]
INFO: [ app_begin ] --START--
INFO: Run Behavior\ReadHtmlCacheBehavior [ RunTime:0.001000s ]
INFO: [ app_begin ] --END-- [ RunTime:0.001000s ]
NOTIC: [8] Undefined offset: 1 D:\xampp\htdocs\ode_blog\Application\Home\Controller\ArticleController.class.php 第 22 行.
ERR: SQLSTATE[HY000] [1045] Access denied for user 'root'@'localhost' (using password: YES)

[ 2017-09-19T17:16:28+08:00 ] ::1 /ode_blog/home/article/add
INFO: [ app_init ] --START--
INFO: Run Behavior\BuildLiteBehavior [ RunTime:0.000000s ]
INFO: [ app_init ] --END-- [ RunTime:0.000000s ]
INFO: [ app_begin ] --START--
INFO: Run Behavior\ReadHtmlCacheBehavior [ RunTime:0.001000s ]
INFO: [ app_begin ] --END-- [ RunTime:0.001000s ]
NOTIC: [8] Undefined offset: 1 D:\xampp\htdocs\ode_blog\Application\Home\Controller\ArticleController.class.php 第 22 行.
SQL: SHOW COLUMNS FROM `ode_article` [ RunTime:0.0110s ]
SQL: INSERT INTO `ode_article` (`article_title`,`article_time`,`article_content`,`atype_id`,`article_clicks`,`article_summary`,`article_img`) VALUES ('111','1505812588','11111','5','0','11111','http://localhost/ode_blog/Uploads/default.jpg') [ RunTime:0.0220s ]
INFO: [ app_end ] --START--
INFO: Run Behavior\ShowPageTraceBehavior [ RunTime:0.001000s ]
INFO: [ app_end ] --END-- [ RunTime:0.001000s ]

[ 2017-09-19T17:16:42+08:00 ] ::1 /ode_blog/home/upload/index
INFO: [ app_init ] --START--
INFO: Run Behavior\BuildLiteBehavior [ RunTime:0.000000s ]
INFO: [ app_init ] --END-- [ RunTime:0.000000s ]
INFO: [ app_begin ] --START--
INFO: Run Behavior\ReadHtmlCacheBehavior [ RunTime:0.001000s ]
INFO: [ app_begin ] --END-- [ RunTime:0.001000s ]
NOTIC: [2] call_user_func() expects parameter 1 to be a valid callback, no array or string given D:\xampp\htdocs\ode_blog\ThinkPHP\Library\Think\Upload.class.php 第 170 行.
INFO: [ app_end ] --START--
INFO: Run Behavior\ShowPageTraceBehavior [ RunTime:0.001000s ]
INFO: [ app_end ] --END-- [ RunTime:0.001000s ]

[ 2017-09-19T17:16:54+08:00 ] ::1 /ode_blog/home/article/add
INFO: [ app_init ] --START--
INFO: Run Behavior\BuildLiteBehavior [ RunTime:0.000000s ]
INFO: [ app_init ] --END-- [ RunTime:0.001000s ]
INFO: [ app_begin ] --START--
INFO: Run Behavior\ReadHtmlCacheBehavior [ RunTime:0.001000s ]
INFO: [ app_begin ] --END-- [ RunTime:0.001000s ]
SQL: SHOW COLUMNS FROM `ode_article` [ RunTime:0.0130s ]
SQL: INSERT INTO `ode_article` (`article_title`,`article_time`,`article_content`,`atype_id`,`article_clicks`,`article_summary`,`article_img`) VALUES ('1112','1505812613','&lt;p style=&quot;text-align: center; &quot;&gt;11111&lt;/p&gt;&lt;p style=&quot;text-align: center;&quot;&gt;&lt;p&gt;&lt;img src=&quot;http://47.52.130.241/ode_blog/Uploads/Article/2017-09-19/59c0e07a18be0.jpg&quot; alt=&quot;测试图片&quot;&gt;&lt;/p&gt;&lt;/p&gt;','5','0','11111','http://47.52.130.241/ode_blog/Uploads/Article/2017-09-19/59c0e07a18be0.jpg') [ RunTime:0.0250s ]
INFO: [ app_end ] --START--
INFO: Run Behavior\ShowPageTraceBehavior [ RunTime:0.001000s ]
INFO: [ app_end ] --END-- [ RunTime:0.001000s ]

[ 2017-09-19T17:16:59+08:00 ] ::1 /ode_blog/
INFO: [ app_init ] --START--
INFO: Run Behavior\BuildLiteBehavior [ RunTime:0.000000s ]
INFO: [ app_init ] --END-- [ RunTime:0.000000s ]
INFO: [ app_begin ] --START--
INFO: Run Behavior\ReadHtmlCacheBehavior [ RunTime:0.000000s ]
INFO: [ app_begin ] --END-- [ RunTime:0.000000s ]
SQL: SHOW COLUMNS FROM `ode_category` [ RunTime:0.0090s ]
SQL: SELECT * FROM ode_category c WHERE cat_level = 1 [ RunTime:0.0000s ]
SQL: SELECT * FROM ode_category c WHERE cat_parent_id = 1 [ RunTime:0.0000s ]
SQL: SELECT * FROM ode_category c WHERE cat_parent_id = 2 [ RunTime:0.0010s ]
SQL: SELECT * FROM ode_category c WHERE cat_parent_id = 3 [ RunTime:0.0000s ]
SQL: SELECT * FROM ode_category c WHERE cat_parent_id = 4 [ RunTime:0.0000s ]
SQL: SELECT * FROM ode_category c WHERE cat_parent_id = 5 [ RunTime:0.0010s ]
SQL: SELECT * FROM ode_category c WHERE cat_parent_id = 6 [ RunTime:0.0000s ]
SQL: SHOW COLUMNS FROM `ode_recommend` [ RunTime:0.0090s ]
SQL: SHOW COLUMNS FROM `ode_recommend` [ RunTime:0.0090s ]
SQL: SELECT r.article_id,a.article_title,a.article_img,FROM_UNIXTIME(a.article_time,'%Y-%m-%d') article_time,a.atype_id,at.atype_name FROM ode_recommend r LEFT JOIN ode_article a ON r.article_id = a.article_id LEFT JOIN ode_articletype at ON a.atype_id = at.atype_id  ORDER BY r.recommend_rank  [ RunTime:0.0000s ]
SQL: SHOW COLUMNS FROM `ode_article` [ RunTime:0.0090s ]
SQL: SHOW COLUMNS FROM `ode_article` [ RunTime:0.0070s ]
SQL: SELECT a.article_id,a.article_title,at.atype_name FROM ode_article a LEFT JOIN ode_articletype at ON a.atype_id = at.atype_id   ORDER BY article_clicks LIMIT 10   [ RunTime:0.0000s ]
SQL: SELECT a.article_id,a.atype_id,a.article_summary,a.article_title,FROM_UNIXTIME(article_time,'%Y-%m-%d') article_time,`at`.atype_name,`at`.controller FROM ode_article a LEFT JOIN ode_articletype at ON a.atype_id = `at`.atype_id   GROUP BY atype_id ORDER BY article_time DESC  [ RunTime:0.0110s ]
INFO: [ view_parse ] --START--
INFO: [ template_filter ] --START--
INFO: Run Behavior\ContentReplaceBehavior [ RunTime:0.000000s ]
INFO: [ template_filter ] --END-- [ RunTime:0.000000s ]
INFO: Run Behavior\ParseTemplateBehavior [ RunTime:0.013001s ]
INFO: [ view_parse ] --END-- [ RunTime:0.013001s ]
INFO: [ view_filter ] --START--
INFO: Run Behavior\WriteHtmlCacheBehavior [ RunTime:0.000000s ]
INFO: [ view_filter ] --END-- [ RunTime:0.000000s ]
INFO: [ app_end ] --START--
INFO: Run Behavior\ShowPageTraceBehavior [ RunTime:0.001000s ]
INFO: [ app_end ] --END-- [ RunTime:0.001000s ]

[ 2017-09-19T17:17:00+08:00 ] ::1 /ode_blog/index.php/Home/circle/index
INFO: [ app_init ] --START--
INFO: Run Behavior\BuildLiteBehavior [ RunTime:0.000000s ]
INFO: [ app_init ] --END-- [ RunTime:0.000000s ]
INFO: [ app_begin ] --START--
INFO: Run Behavior\ReadHtmlCacheBehavior [ RunTime:0.000000s ]
INFO: [ app_begin ] --END-- [ RunTime:0.000000s ]
SQL: SHOW COLUMNS FROM `ode_articletype` [ RunTime:0.0080s ]
SQL: SELECT `atype_id` FROM `ode_articletype` WHERE ( atype_name = '朋友圈' ) LIMIT 1   [ RunTime:0.0000s ]
SQL: SHOW COLUMNS FROM `ode_category` [ RunTime:0.0080s ]
SQL: SHOW COLUMNS FROM `ode_article` [ RunTime:0.0080s ]
SQL: SELECT * FROM ode_category c WHERE cat_level = 1 [ RunTime:0.0000s ]
SQL: SELECT * FROM ode_category c WHERE cat_parent_id = 1 [ RunTime:0.0000s ]
SQL: SELECT * FROM ode_category c WHERE cat_parent_id = 2 [ RunTime:0.0000s ]
SQL: SELECT * FROM ode_category c WHERE cat_parent_id = 3 [ RunTime:0.0000s ]
SQL: SELECT * FROM ode_category c WHERE cat_parent_id = 4 [ RunTime:0.0000s ]
SQL: SELECT * FROM ode_category c WHERE cat_parent_id = 5 [ RunTime:0.0000s ]
SQL: SELECT * FROM ode_category c WHERE cat_parent_id = 6 [ RunTime:0.0010s ]
SQL: SHOW COLUMNS FROM `ode_article` [ RunTime:0.0080s ]
SQL: SELECT *,FROM_UNIXTIME(article_time,'%Y-%m-%d') time FROM `ode_article` WHERE ( atype_id = 5 ) LIMIT 0,6   [ RunTime:0.0010s ]
SQL: SHOW COLUMNS FROM `ode_article` [ RunTime:0.0080s ]
SQL: SELECT COUNT(*) AS tp_count FROM `ode_article` WHERE ( atype_id = 5 ) LIMIT 1   [ RunTime:0.0100s ]
INFO: [ view_parse ] --START--
INFO: [ template_filter ] --START--
INFO: Run Behavior\ContentReplaceBehavior [ RunTime:0.000000s ]
INFO: [ template_filter ] --END-- [ RunTime:0.000000s ]
INFO: Run Behavior\ParseTemplateBehavior [ RunTime:0.011001s ]
INFO: [ view_parse ] --END-- [ RunTime:0.011001s ]
INFO: [ view_filter ] --START--
INFO: Run Behavior\WriteHtmlCacheBehavior [ RunTime:0.000000s ]
INFO: [ view_filter ] --END-- [ RunTime:0.000000s ]
INFO: [ app_end ] --START--
INFO: Run Behavior\ShowPageTraceBehavior [ RunTime:0.001000s ]
INFO: [ app_end ] --END-- [ RunTime:0.001000s ]

[ 2017-09-19T17:17:03+08:00 ] ::1 /ode_blog/index.php/Home/Circle/index/page/2
INFO: [ app_init ] --START--
INFO: Run Behavior\BuildLiteBehavior [ RunTime:0.000000s ]
INFO: [ app_init ] --END-- [ RunTime:0.000000s ]
INFO: [ app_begin ] --START--
INFO: Run Behavior\ReadHtmlCacheBehavior [ RunTime:0.001000s ]
INFO: [ app_begin ] --END-- [ RunTime:0.001000s ]
SQL: SHOW COLUMNS FROM `ode_articletype` [ RunTime:0.0090s ]
SQL: SELECT `atype_id` FROM `ode_articletype` WHERE ( atype_name = '朋友圈' ) LIMIT 1   [ RunTime:0.0000s ]
SQL: SHOW COLUMNS FROM `ode_category` [ RunTime:0.0080s ]
SQL: SHOW COLUMNS FROM `ode_article` [ RunTime:0.0080s ]
SQL: SELECT * FROM ode_category c WHERE cat_level = 1 [ RunTime:0.0000s ]
SQL: SELECT * FROM ode_category c WHERE cat_parent_id = 1 [ RunTime:0.0000s ]
SQL: SELECT * FROM ode_category c WHERE cat_parent_id = 2 [ RunTime:0.0000s ]
SQL: SELECT * FROM ode_category c WHERE cat_parent_id = 3 [ RunTime:0.0000s ]
SQL: SELECT * FROM ode_category c WHERE cat_parent_id = 4 [ RunTime:0.0000s ]
SQL: SELECT * FROM ode_category c WHERE cat_parent_id = 5 [ RunTime:0.0000s ]
SQL: SELECT * FROM ode_category c WHERE cat_parent_id = 6 [ RunTime:0.0000s ]
SQL: SHOW COLUMNS FROM `ode_article` [ RunTime:0.0090s ]
SQL: SELECT *,FROM_UNIXTIME(article_time,'%Y-%m-%d') time FROM `ode_article` WHERE ( atype_id = 5 ) LIMIT 6,6   [ RunTime:0.0010s ]
SQL: SHOW COLUMNS FROM `ode_article` [ RunTime:0.0080s ]
SQL: SELECT COUNT(*) AS tp_count FROM `ode_article` WHERE ( atype_id = 5 ) LIMIT 1   [ RunTime:0.0000s ]
INFO: [ view_parse ] --START--
INFO: [ template_filter ] --START--
INFO: Run Behavior\ContentReplaceBehavior [ RunTime:0.000000s ]
INFO: [ template_filter ] --END-- [ RunTime:0.000000s ]
INFO: Run Behavior\ParseTemplateBehavior [ RunTime:0.009001s ]
INFO: [ view_parse ] --END-- [ RunTime:0.009001s ]
INFO: [ view_filter ] --START--
INFO: Run Behavior\WriteHtmlCacheBehavior [ RunTime:0.000000s ]
INFO: [ view_filter ] --END-- [ RunTime:0.000000s ]
INFO: [ app_end ] --START--
INFO: Run Behavior\ShowPageTraceBehavior [ RunTime:0.000000s ]
INFO: [ app_end ] --END-- [ RunTime:0.000000s ]

[ 2017-09-19T17:17:04+08:00 ] ::1 /ode_blog/index.php/Home/Article/detail/article_id/52
INFO: [ app_init ] --START--
INFO: Run Behavior\BuildLiteBehavior [ RunTime:0.000000s ]
INFO: [ app_init ] --END-- [ RunTime:0.000000s ]
INFO: [ app_begin ] --START--
INFO: Run Behavior\ReadHtmlCacheBehavior [ RunTime:0.001000s ]
INFO: [ app_begin ] --END-- [ RunTime:0.001000s ]
SQL: SHOW COLUMNS FROM `ode_article` [ RunTime:0.0090s ]
SQL: SELECT * FROM `ode_article` WHERE ( article_id = 52 ) LIMIT 1   [ RunTime:0.0000s ]
SQL: SHOW COLUMNS FROM `ode_articletype` [ RunTime:0.0080s ]
SQL: SELECT * FROM `ode_articletype` WHERE ( atype_id = '5' ) LIMIT 1   [ RunTime:0.0010s ]
SQL: SHOW COLUMNS FROM `ode_category` [ RunTime:0.0080s ]
SQL: SELECT * FROM ode_category c WHERE cat_level = 1 [ RunTime:0.0000s ]
SQL: SELECT * FROM ode_category c WHERE cat_parent_id = 1 [ RunTime:0.0000s ]
SQL: SELECT * FROM ode_category c WHERE cat_parent_id = 2 [ RunTime:0.0010s ]
SQL: SELECT * FROM ode_category c WHERE cat_parent_id = 3 [ RunTime:0.0000s ]
SQL: SELECT * FROM ode_category c WHERE cat_parent_id = 4 [ RunTime:0.0000s ]
SQL: SELECT * FROM ode_category c WHERE cat_parent_id = 5 [ RunTime:0.0000s ]
SQL: SELECT * FROM ode_category c WHERE cat_parent_id = 6 [ RunTime:0.0010s ]
INFO: [ view_parse ] --START--
INFO: [ template_filter ] --START--
INFO: Run Behavior\ContentReplaceBehavior [ RunTime:0.000000s ]
INFO: [ template_filter ] --END-- [ RunTime:0.000000s ]
INFO: Run Behavior\ParseTemplateBehavior [ RunTime:0.032002s ]
INFO: [ view_parse ] --END-- [ RunTime:0.032002s ]
INFO: [ view_filter ] --START--
INFO: Run Behavior\WriteHtmlCacheBehavior [ RunTime:0.000000s ]
INFO: [ view_filter ] --END-- [ RunTime:0.000000s ]
INFO: [ app_end ] --START--
INFO: Run Behavior\ShowPageTraceBehavior [ RunTime:0.001000s ]
INFO: [ app_end ] --END-- [ RunTime:0.001000s ]

[ 2017-09-19T17:17:07+08:00 ] ::1 /ode_blog/index.php/Home/Article/detail/article_id/53
INFO: [ app_init ] --START--
INFO: Run Behavior\BuildLiteBehavior [ RunTime:0.000000s ]
INFO: [ app_init ] --END-- [ RunTime:0.000000s ]
INFO: [ app_begin ] --START--
INFO: Run Behavior\ReadHtmlCacheBehavior [ RunTime:0.000000s ]
INFO: [ app_begin ] --END-- [ RunTime:0.000000s ]
SQL: SHOW COLUMNS FROM `ode_article` [ RunTime:0.0080s ]
SQL: SELECT * FROM `ode_article` WHERE ( article_id = 53 ) LIMIT 1   [ RunTime:0.0000s ]
SQL: SHOW COLUMNS FROM `ode_articletype` [ RunTime:0.0080s ]
SQL: SELECT * FROM `ode_articletype` WHERE ( atype_id = '5' ) LIMIT 1   [ RunTime:0.0000s ]
SQL: SHOW COLUMNS FROM `ode_category` [ RunTime:0.0080s ]
SQL: SELECT * FROM ode_category c WHERE cat_level = 1 [ RunTime:0.0000s ]
SQL: SELECT * FROM ode_category c WHERE cat_parent_id = 1 [ RunTime:0.0010s ]
SQL: SELECT * FROM ode_category c WHERE cat_parent_id = 2 [ RunTime:0.0000s ]
SQL: SELECT * FROM ode_category c WHERE cat_parent_id = 3 [ RunTime:0.0000s ]
SQL: SELECT * FROM ode_category c WHERE cat_parent_id = 4 [ RunTime:0.0000s ]
SQL: SELECT * FROM ode_category c WHERE cat_parent_id = 5 [ RunTime:0.0000s ]
SQL: SELECT * FROM ode_category c WHERE cat_parent_id = 6 [ RunTime:0.0000s ]
INFO: [ view_parse ] --START--
INFO: [ template_filter ] --START--
INFO: Run Behavior\ContentReplaceBehavior [ RunTime:0.000000s ]
INFO: [ template_filter ] --END-- [ RunTime:0.000000s ]
INFO: Run Behavior\ParseTemplateBehavior [ RunTime:0.009001s ]
INFO: [ view_parse ] --END-- [ RunTime:0.009001s ]
INFO: [ view_filter ] --START--
INFO: Run Behavior\WriteHtmlCacheBehavior [ RunTime:0.000000s ]
INFO: [ view_filter ] --END-- [ RunTime:0.000000s ]
INFO: [ app_end ] --START--
INFO: Run Behavior\ShowPageTraceBehavior [ RunTime:0.001000s ]
INFO: [ app_end ] --END-- [ RunTime:0.001000s ]

[ 2017-09-19T17:17:48+08:00 ] ::1 /ode_blog/home/upload/index
INFO: [ app_init ] --START--
INFO: Run Behavior\BuildLiteBehavior [ RunTime:0.000000s ]
INFO: [ app_init ] --END-- [ RunTime:0.001000s ]
INFO: [ app_begin ] --START--
INFO: Run Behavior\ReadHtmlCacheBehavior [ RunTime:0.000000s ]
INFO: [ app_begin ] --END-- [ RunTime:0.000000s ]
NOTIC: [2] call_user_func() expects parameter 1 to be a valid callback, no array or string given D:\xampp\htdocs\ode_blog\ThinkPHP\Library\Think\Upload.class.php 第 170 行.
INFO: [ app_end ] --START--
INFO: Run Behavior\ShowPageTraceBehavior [ RunTime:0.001000s ]
INFO: [ app_end ] --END-- [ RunTime:0.001000s ]

[ 2017-09-19T17:20:48+08:00 ] ::1 /ode_blog/home/upload/index
INFO: [ app_init ] --START--
INFO: Run Behavior\BuildLiteBehavior [ RunTime:0.000000s ]
INFO: [ app_init ] --END-- [ RunTime:0.000000s ]
INFO: [ app_begin ] --START--
INFO: Run Behavior\ReadHtmlCacheBehavior [ RunTime:0.001000s ]
INFO: [ app_begin ] --END-- [ RunTime:0.001000s ]
NOTIC: [2] call_user_func() expects parameter 1 to be a valid callback, no array or string given D:\xampp\htdocs\ode_blog\ThinkPHP\Library\Think\Upload.class.php 第 170 行.
INFO: [ app_end ] --START--
INFO: Run Behavior\ShowPageTraceBehavior [ RunTime:0.001000s ]
INFO: [ app_end ] --END-- [ RunTime:0.001000s ]

[ 2017-09-19T17:21:19+08:00 ] ::1 /ode_blog/home/upload/index
INFO: [ app_init ] --START--
INFO: Run Behavior\BuildLiteBehavior [ RunTime:0.000000s ]
INFO: [ app_init ] --END-- [ RunTime:0.001000s ]
INFO: [ app_begin ] --START--
INFO: Run Behavior\ReadHtmlCacheBehavior [ RunTime:0.001000s ]
INFO: [ app_begin ] --END-- [ RunTime:0.001000s ]
NOTIC: [2] call_user_func() expects parameter 1 to be a valid callback, no array or string given D:\xampp\htdocs\ode_blog\ThinkPHP\Library\Think\Upload.class.php 第 170 行.
INFO: [ app_end ] --START--
INFO: Run Behavior\ShowPageTraceBehavior [ RunTime:0.001001s ]
INFO: [ app_end ] --END-- [ RunTime:0.001001s ]

[ 2017-09-19T17:23:25+08:00 ] ::1 /ode_blog/home/upload/index
INFO: [ app_init ] --START--
INFO: Run Behavior\BuildLiteBehavior [ RunTime:0.000000s ]
INFO: [ app_init ] --END-- [ RunTime:0.000000s ]
INFO: [ app_begin ] --START--
INFO: Run Behavior\ReadHtmlCacheBehavior [ RunTime:0.001000s ]
INFO: [ app_begin ] --END-- [ RunTime:0.001000s ]
NOTIC: [2] call_user_func() expects parameter 1 to be a valid callback, no array or string given D:\xampp\htdocs\ode_blog\ThinkPHP\Library\Think\Upload.class.php 第 170 行.
INFO: [ app_end ] --START--
INFO: Run Behavior\ShowPageTraceBehavior [ RunTime:0.001000s ]
INFO: [ app_end ] --END-- [ RunTime:0.001000s ]

[ 2017-09-19T17:24:12+08:00 ] ::1 /ode_blog/home/upload/index
INFO: [ app_init ] --START--
INFO: Run Behavior\BuildLiteBehavior [ RunTime:0.000000s ]
INFO: [ app_init ] --END-- [ RunTime:0.000000s ]
INFO: [ app_begin ] --START--
INFO: Run Behavior\ReadHtmlCacheBehavior [ RunTime:0.001000s ]
INFO: [ app_begin ] --END-- [ RunTime:0.001000s ]
NOTIC: [2] call_user_func() expects parameter 1 to be a valid callback, no array or string given D:\xampp\htdocs\ode_blog\ThinkPHP\Library\Think\Upload.class.php 第 170 行.
INFO: [ app_end ] --START--
INFO: Run Behavior\ShowPageTraceBehavior [ RunTime:0.001000s ]
INFO: [ app_end ] --END-- [ RunTime:0.001000s ]

[ 2017-09-19T17:24:22+08:00 ] ::1 /ode_blog/home/upload/index
INFO: [ app_init ] --START--
INFO: Run Behavior\BuildLiteBehavior [ RunTime:0.000000s ]
INFO: [ app_init ] --END-- [ RunTime:0.000000s ]
INFO: [ app_begin ] --START--
INFO: Run Behavior\ReadHtmlCacheBehavior [ RunTime:0.001001s ]
INFO: [ app_begin ] --END-- [ RunTime:0.001001s ]
NOTIC: [2] call_user_func() expects parameter 1 to be a valid callback, no array or string given D:\xampp\htdocs\ode_blog\ThinkPHP\Library\Think\Upload.class.php 第 170 行.
INFO: [ app_end ] --START--
INFO: Run Behavior\ShowPageTraceBehavior [ RunTime:0.001000s ]
INFO: [ app_end ] --END-- [ RunTime:0.001000s ]

[ 2017-09-19T17:25:18+08:00 ] ::1 /ode_blog/home/upload/index
INFO: [ app_init ] --START--
INFO: Run Behavior\BuildLiteBehavior [ RunTime:0.000000s ]
INFO: [ app_init ] --END-- [ RunTime:0.001000s ]
INFO: [ app_begin ] --START--
INFO: Run Behavior\ReadHtmlCacheBehavior [ RunTime:0.000000s ]
INFO: [ app_begin ] --END-- [ RunTime:0.000000s ]
NOTIC: [2] call_user_func() expects parameter 1 to be a valid callback, no array or string given D:\xampp\htdocs\ode_blog\ThinkPHP\Library\Think\Upload.class.php 第 170 行.
INFO: [ app_end ] --START--
INFO: Run Behavior\ShowPageTraceBehavior [ RunTime:0.000000s ]
INFO: [ app_end ] --END-- [ RunTime:0.000000s ]

[ 2017-09-19T17:35:17+08:00 ] ::1 /ode_blog/home/article/add
INFO: [ app_init ] --START--
INFO: Run Behavior\BuildLiteBehavior [ RunTime:0.000000s ]
INFO: [ app_init ] --END-- [ RunTime:0.001000s ]
INFO: [ app_begin ] --START--
INFO: Run Behavior\ReadHtmlCacheBehavior [ RunTime:0.001000s ]
INFO: [ app_begin ] --END-- [ RunTime:0.001000s ]
ERR: SQLSTATE[HY000] [1045] Access denied for user 'root'@'localhost' (using password: YES)

[ 2017-09-19T17:35:19+08:00 ] ::1 /ode_blog/home/article/add
INFO: [ app_init ] --START--
INFO: Run Behavior\BuildLiteBehavior [ RunTime:0.000000s ]
INFO: [ app_init ] --END-- [ RunTime:0.000000s ]
INFO: [ app_begin ] --START--
INFO: Run Behavior\ReadHtmlCacheBehavior [ RunTime:0.001000s ]
INFO: [ app_begin ] --END-- [ RunTime:0.001000s ]
ERR: SQLSTATE[HY000] [1045] Access denied for user 'root'@'localhost' (using password: YES)

[ 2017-09-19T17:35:19+08:00 ] ::1 /ode_blog/home/article/add
INFO: [ app_init ] --START--
INFO: Run Behavior\BuildLiteBehavior [ RunTime:0.000000s ]
INFO: [ app_init ] --END-- [ RunTime:0.001000s ]
INFO: [ app_begin ] --START--
INFO: Run Behavior\ReadHtmlCacheBehavior [ RunTime:0.001000s ]
INFO: [ app_begin ] --END-- [ RunTime:0.001000s ]
ERR: SQLSTATE[HY000] [1045] Access denied for user 'root'@'localhost' (using password: YES)

[ 2017-09-19T17:35:20+08:00 ] ::1 /ode_blog/home/article/add
INFO: [ app_init ] --START--
INFO: Run Behavior\BuildLiteBehavior [ RunTime:0.000000s ]
INFO: [ app_init ] --END-- [ RunTime:0.000000s ]
INFO: [ app_begin ] --START--
INFO: Run Behavior\ReadHtmlCacheBehavior [ RunTime:0.001000s ]
INFO: [ app_begin ] --END-- [ RunTime:0.001000s ]
ERR: SQLSTATE[HY000] [1045] Access denied for user 'root'@'localhost' (using password: YES)

[ 2017-09-19T17:35:20+08:00 ] ::1 /ode_blog/home/article/add
INFO: [ app_init ] --START--
INFO: Run Behavior\BuildLiteBehavior [ RunTime:0.000000s ]
INFO: [ app_init ] --END-- [ RunTime:0.000000s ]
INFO: [ app_begin ] --START--
INFO: Run Behavior\ReadHtmlCacheBehavior [ RunTime:0.001000s ]
INFO: [ app_begin ] --END-- [ RunTime:0.001000s ]
ERR: SQLSTATE[HY000] [1045] Access denied for user 'root'@'localhost' (using password: YES)

[ 2017-09-19T17:35:21+08:00 ] ::1 /ode_blog/home/article/add
INFO: [ app_init ] --START--
INFO: Run Behavior\BuildLiteBehavior [ RunTime:0.000000s ]
INFO: [ app_init ] --END-- [ RunTime:0.001000s ]
INFO: [ app_begin ] --START--
INFO: Run Behavior\ReadHtmlCacheBehavior [ RunTime:0.001000s ]
INFO: [ app_begin ] --END-- [ RunTime:0.001000s ]
ERR: SQLSTATE[HY000] [1045] Access denied for user 'root'@'localhost' (using password: YES)

