[ 2017-09-18T08:58:19+08:00 ] ::1 /ode_blog/index.php/Home/feel/index
INFO: [ app_init ] --START--
INFO: Run Behavior\BuildLiteBehavior [ RunTime:0.000000s ]
INFO: [ app_init ] --END-- [ RunTime:0.026001s ]
INFO: [ app_begin ] --START--
INFO: Run Behavior\ReadHtmlCacheBehavior [ RunTime:0.003000s ]
INFO: [ app_begin ] --END-- [ RunTime:0.003000s ]
SQL: SHOW COLUMNS FROM `ode_articletype` [ RunTime:0.0420s ]
SQL: SELECT `atype_id` FROM `ode_articletype` WHERE ( atype_name = '感想' ) LIMIT 1   [ RunTime:0.0020s ]
SQL: SHOW COLUMNS FROM `ode_category` [ RunTime:0.0130s ]
SQL: SHOW COLUMNS FROM `ode_article` [ RunTime:0.0130s ]
SQL: SELECT * FROM ode_category c WHERE cat_level = 1 [ RunTime:0.0010s ]
SQL: SELECT * FROM ode_category c WHERE cat_parent_id = 1 [ RunTime:0.0000s ]
SQL: SELECT * FROM ode_category c WHERE cat_parent_id = 2 [ RunTime:0.0000s ]
SQL: SELECT * FROM ode_category c WHERE cat_parent_id = 3 [ RunTime:0.0000s ]
SQL: SELECT * FROM ode_category c WHERE cat_parent_id = 4 [ RunTime:0.0000s ]
SQL: SELECT * FROM ode_category c WHERE cat_parent_id = 5 [ RunTime:0.0010s ]
SQL: SELECT * FROM ode_category c WHERE cat_parent_id = 6 [ RunTime:0.0000s ]
SQL: SHOW COLUMNS FROM `ode_article` [ RunTime:0.0130s ]
SQL: SELECT *,FROM_UNIXTIME(article_time,'%Y-%m-%d') time FROM `ode_article` WHERE ( atype_id = 4 ) LIMIT 0,6   [ RunTime:0.0540s ]
SQL: SHOW COLUMNS FROM `ode_article` [ RunTime:0.0150s ]
SQL: SELECT COUNT(*) AS tp_count FROM `ode_article` WHERE ( atype_id = 4 ) LIMIT 1   [ RunTime:0.0080s ]
INFO: [ view_parse ] --START--
INFO: [ template_filter ] --START--
INFO: Run Behavior\ContentReplaceBehavior [ RunTime:0.016001s ]
INFO: [ template_filter ] --END-- [ RunTime:0.016001s ]
INFO: Run Behavior\ParseTemplateBehavior [ RunTime:0.080004s ]
INFO: [ view_parse ] --END-- [ RunTime:0.081004s ]
INFO: [ view_filter ] --START--
INFO: Run Behavior\WriteHtmlCacheBehavior [ RunTime:0.007001s ]
INFO: [ view_filter ] --END-- [ RunTime:0.007001s ]
INFO: [ app_end ] --START--
INFO: Run Behavior\ShowPageTraceBehavior [ RunTime:0.004000s ]
INFO: [ app_end ] --END-- [ RunTime:0.004000s ]

[ 2017-09-18T08:58:28+08:00 ] ::1 /ode_blog/
INFO: [ app_init ] --START--
INFO: Run Behavior\BuildLiteBehavior [ RunTime:0.000000s ]
INFO: [ app_init ] --END-- [ RunTime:0.001000s ]
INFO: [ app_begin ] --START--
INFO: Run Behavior\ReadHtmlCacheBehavior [ RunTime:0.001000s ]
INFO: [ app_begin ] --END-- [ RunTime:0.001000s ]
SQL: SHOW COLUMNS FROM `ode_category` [ RunTime:0.0140s ]
SQL: SELECT * FROM ode_category c WHERE cat_level = 1 [ RunTime:0.0000s ]
SQL: SELECT * FROM ode_category c WHERE cat_parent_id = 1 [ RunTime:0.0010s ]
SQL: SELECT * FROM ode_category c WHERE cat_parent_id = 2 [ RunTime:0.0000s ]
SQL: SELECT * FROM ode_category c WHERE cat_parent_id = 3 [ RunTime:0.0000s ]
SQL: SELECT * FROM ode_category c WHERE cat_parent_id = 4 [ RunTime:0.0000s ]
SQL: SELECT * FROM ode_category c WHERE cat_parent_id = 5 [ RunTime:0.0010s ]
SQL: SELECT * FROM ode_category c WHERE cat_parent_id = 6 [ RunTime:0.0000s ]
SQL: SHOW COLUMNS FROM `ode_recommend` [ RunTime:0.0090s ]
SQL: SHOW COLUMNS FROM `ode_recommend` [ RunTime:0.0090s ]
SQL: SELECT r.article_id,a.article_title,a.article_img,FROM_UNIXTIME(a.article_time,'%Y-%m-%d') article_time,a.atype_id,at.atype_name FROM ode_recommend r LEFT JOIN ode_article a ON r.article_id = a.article_id LEFT JOIN ode_articletype at ON a.atype_id = at.atype_id  ORDER BY r.recommend_rank  [ RunTime:0.0120s ]
SQL: SHOW COLUMNS FROM `ode_article` [ RunTime:0.0080s ]
SQL: SHOW COLUMNS FROM `ode_article` [ RunTime:0.0080s ]
SQL: SELECT a.article_id,a.article_title,at.atype_name FROM ode_article a LEFT JOIN ode_articletype at ON a.atype_id = at.atype_id   ORDER BY article_clicks LIMIT 10   [ RunTime:0.0000s ]
INFO: [ view_parse ] --START--
INFO: [ template_filter ] --START--
INFO: Run Behavior\ContentReplaceBehavior [ RunTime:0.000000s ]
INFO: [ template_filter ] --END-- [ RunTime:0.000000s ]
INFO: Run Behavior\ParseTemplateBehavior [ RunTime:0.019001s ]
INFO: [ view_parse ] --END-- [ RunTime:0.019001s ]
INFO: [ view_filter ] --START--
INFO: Run Behavior\WriteHtmlCacheBehavior [ RunTime:0.000000s ]
INFO: [ view_filter ] --END-- [ RunTime:0.000000s ]
INFO: [ app_end ] --START--
INFO: Run Behavior\ShowPageTraceBehavior [ RunTime:0.001000s ]
INFO: [ app_end ] --END-- [ RunTime:0.001000s ]

[ 2017-09-18T08:58:34+08:00 ] ::1 /ode_blog/index.php/Home/article/detail/article_id/23
INFO: [ app_init ] --START--
INFO: Run Behavior\BuildLiteBehavior [ RunTime:0.000000s ]
INFO: [ app_init ] --END-- [ RunTime:0.001000s ]
INFO: [ app_begin ] --START--
INFO: Run Behavior\ReadHtmlCacheBehavior [ RunTime:0.001000s ]
INFO: [ app_begin ] --END-- [ RunTime:0.001000s ]
SQL: SHOW COLUMNS FROM `ode_article` [ RunTime:0.0090s ]
SQL: SELECT * FROM `ode_article` WHERE ( article_id = 23 ) LIMIT 1   [ RunTime:0.0010s ]
SQL: SHOW COLUMNS FROM `ode_articletype` [ RunTime:0.0090s ]
SQL: SELECT * FROM `ode_articletype` WHERE ( atype_id = '5' ) LIMIT 1   [ RunTime:0.0000s ]
SQL: SHOW COLUMNS FROM `ode_category` [ RunTime:0.0090s ]
SQL: SELECT * FROM ode_category c WHERE cat_level = 1 [ RunTime:0.0000s ]
SQL: SELECT * FROM ode_category c WHERE cat_parent_id = 1 [ RunTime:0.0000s ]
SQL: SELECT * FROM ode_category c WHERE cat_parent_id = 2 [ RunTime:0.0000s ]
SQL: SELECT * FROM ode_category c WHERE cat_parent_id = 3 [ RunTime:0.0000s ]
SQL: SELECT * FROM ode_category c WHERE cat_parent_id = 4 [ RunTime:0.0000s ]
SQL: SELECT * FROM ode_category c WHERE cat_parent_id = 5 [ RunTime:0.0000s ]
SQL: SELECT * FROM ode_category c WHERE cat_parent_id = 6 [ RunTime:0.0000s ]
INFO: [ view_parse ] --START--
INFO: [ template_filter ] --START--
INFO: Run Behavior\ContentReplaceBehavior [ RunTime:0.000000s ]
INFO: [ template_filter ] --END-- [ RunTime:0.000000s ]
INFO: Run Behavior\ParseTemplateBehavior [ RunTime:0.024001s ]
INFO: [ view_parse ] --END-- [ RunTime:0.024001s ]
INFO: [ view_filter ] --START--
INFO: Run Behavior\WriteHtmlCacheBehavior [ RunTime:0.000000s ]
INFO: [ view_filter ] --END-- [ RunTime:0.000000s ]
INFO: [ app_end ] --START--
INFO: Run Behavior\ShowPageTraceBehavior [ RunTime:0.001000s ]
INFO: [ app_end ] --END-- [ RunTime:0.001000s ]

[ 2017-09-18T10:00:16+08:00 ] ::1 /ode_blog/
INFO: [ app_init ] --START--
INFO: Run Behavior\BuildLiteBehavior [ RunTime:0.000000s ]
INFO: [ app_init ] --END-- [ RunTime:0.001000s ]
INFO: [ app_begin ] --START--
INFO: Run Behavior\ReadHtmlCacheBehavior [ RunTime:0.001000s ]
INFO: [ app_begin ] --END-- [ RunTime:0.001000s ]
SQL: SHOW COLUMNS FROM `ode_category` [ RunTime:0.0190s ]
SQL: SELECT * FROM ode_category c WHERE cat_level = 1 [ RunTime:0.0010s ]
SQL: SELECT * FROM ode_category c WHERE cat_parent_id = 1 [ RunTime:0.0000s ]
SQL: SELECT * FROM ode_category c WHERE cat_parent_id = 2 [ RunTime:0.0000s ]
SQL: SELECT * FROM ode_category c WHERE cat_parent_id = 3 [ RunTime:0.0010s ]
SQL: SELECT * FROM ode_category c WHERE cat_parent_id = 4 [ RunTime:0.0000s ]
SQL: SELECT * FROM ode_category c WHERE cat_parent_id = 5 [ RunTime:0.0000s ]
SQL: SELECT * FROM ode_category c WHERE cat_parent_id = 6 [ RunTime:0.0000s ]
SQL: SHOW COLUMNS FROM `ode_recommend` [ RunTime:0.0090s ]
SQL: SHOW COLUMNS FROM `ode_recommend` [ RunTime:0.0020s ]
SQL: SELECT r.article_id,a.article_title,a.article_img,FROM_UNIXTIME(a.article_time,'%Y-%m-%d') article_time,a.atype_id,at.atype_name FROM ode_recommend r LEFT JOIN ode_article a ON r.article_id = a.article_id LEFT JOIN ode_articletype at ON a.atype_id = at.atype_id  ORDER BY r.recommend_rank  [ RunTime:0.0010s ]
SQL: SHOW COLUMNS FROM `ode_article` [ RunTime:0.0090s ]
SQL: SHOW COLUMNS FROM `ode_article` [ RunTime:0.0090s ]
SQL: SELECT a.article_id,a.article_title,at.atype_name FROM ode_article a LEFT JOIN ode_articletype at ON a.atype_id = at.atype_id   ORDER BY article_clicks LIMIT 10   [ RunTime:0.0000s ]
INFO: [ view_parse ] --START--
INFO: [ template_filter ] --START--
INFO: Run Behavior\ContentReplaceBehavior [ RunTime:0.000000s ]
INFO: [ template_filter ] --END-- [ RunTime:0.000000s ]
INFO: Run Behavior\ParseTemplateBehavior [ RunTime:0.011001s ]
INFO: [ view_parse ] --END-- [ RunTime:0.011001s ]
INFO: [ view_filter ] --START--
INFO: Run Behavior\WriteHtmlCacheBehavior [ RunTime:0.001000s ]
INFO: [ view_filter ] --END-- [ RunTime:0.001000s ]
INFO: [ app_end ] --START--
INFO: Run Behavior\ShowPageTraceBehavior [ RunTime:0.000000s ]
INFO: [ app_end ] --END-- [ RunTime:0.001000s ]

[ 2017-09-18T10:00:33+08:00 ] ::1 /ode_blog/
INFO: [ app_init ] --START--
INFO: Run Behavior\BuildLiteBehavior [ RunTime:0.000000s ]
INFO: [ app_init ] --END-- [ RunTime:0.000000s ]
INFO: [ app_begin ] --START--
INFO: Run Behavior\ReadHtmlCacheBehavior [ RunTime:0.001000s ]
INFO: [ app_begin ] --END-- [ RunTime:0.001000s ]
SQL: SHOW COLUMNS FROM `ode_category` [ RunTime:0.0020s ]
SQL: SELECT * FROM ode_category c WHERE cat_level = 1 [ RunTime:0.0000s ]
SQL: SELECT * FROM ode_category c WHERE cat_parent_id = 1 [ RunTime:0.0000s ]
SQL: SELECT * FROM ode_category c WHERE cat_parent_id = 2 [ RunTime:0.0010s ]
SQL: SELECT * FROM ode_category c WHERE cat_parent_id = 3 [ RunTime:0.0000s ]
SQL: SELECT * FROM ode_category c WHERE cat_parent_id = 4 [ RunTime:0.0000s ]
SQL: SELECT * FROM ode_category c WHERE cat_parent_id = 5 [ RunTime:0.0000s ]
SQL: SELECT * FROM ode_category c WHERE cat_parent_id = 6 [ RunTime:0.0010s ]
SQL: SHOW COLUMNS FROM `ode_recommend` [ RunTime:0.0020s ]
SQL: SHOW COLUMNS FROM `ode_recommend` [ RunTime:0.0010s ]
SQL: SELECT r.article_id,a.article_title,a.article_img,FROM_UNIXTIME(a.article_time,'%Y-%m-%d') article_time,a.atype_id,at.atype_name FROM ode_recommend r LEFT JOIN ode_article a ON r.article_id = a.article_id LEFT JOIN ode_articletype at ON a.atype_id = at.atype_id  ORDER BY r.recommend_rank  [ RunTime:0.0010s ]
SQL: SHOW COLUMNS FROM `ode_article` [ RunTime:0.0020s ]
SQL: SHOW COLUMNS FROM `ode_article` [ RunTime:0.0010s ]
SQL: SELECT a.article_id,a.article_title,at.atype_name FROM ode_article a LEFT JOIN ode_articletype at ON a.atype_id = at.atype_id   ORDER BY article_clicks LIMIT 10   [ RunTime:0.0000s ]
INFO: [ view_parse ] --START--
INFO: [ template_filter ] --START--
INFO: Run Behavior\ContentReplaceBehavior [ RunTime:0.000000s ]
INFO: [ template_filter ] --END-- [ RunTime:0.000000s ]
INFO: Run Behavior\ParseTemplateBehavior [ RunTime:0.010000s ]
INFO: [ view_parse ] --END-- [ RunTime:0.010000s ]
INFO: [ view_filter ] --START--
INFO: Run Behavior\WriteHtmlCacheBehavior [ RunTime:0.000000s ]
INFO: [ view_filter ] --END-- [ RunTime:0.001000s ]
INFO: [ app_end ] --START--
INFO: Run Behavior\ShowPageTraceBehavior [ RunTime:0.001001s ]
INFO: [ app_end ] --END-- [ RunTime:0.001001s ]

[ 2017-09-18T10:00:51+08:00 ] ::1 /ode_blog/
INFO: [ app_init ] --START--
INFO: Run Behavior\BuildLiteBehavior [ RunTime:0.000000s ]
INFO: [ app_init ] --END-- [ RunTime:0.000000s ]
INFO: [ app_begin ] --START--
INFO: Run Behavior\ReadHtmlCacheBehavior [ RunTime:0.000000s ]
INFO: [ app_begin ] --END-- [ RunTime:0.000000s ]
SQL: SHOW COLUMNS FROM `ode_category` [ RunTime:0.0020s ]
SQL: SELECT * FROM ode_category c WHERE cat_level = 1 [ RunTime:0.0000s ]
SQL: SELECT * FROM ode_category c WHERE cat_parent_id = 1 [ RunTime:0.0010s ]
SQL: SELECT * FROM ode_category c WHERE cat_parent_id = 2 [ RunTime:0.0000s ]
SQL: SELECT * FROM ode_category c WHERE cat_parent_id = 3 [ RunTime:0.0000s ]
SQL: SELECT * FROM ode_category c WHERE cat_parent_id = 4 [ RunTime:0.0000s ]
SQL: SELECT * FROM ode_category c WHERE cat_parent_id = 5 [ RunTime:0.0010s ]
SQL: SELECT * FROM ode_category c WHERE cat_parent_id = 6 [ RunTime:0.0000s ]
SQL: SHOW COLUMNS FROM `ode_recommend` [ RunTime:0.0020s ]
SQL: SHOW COLUMNS FROM `ode_recommend` [ RunTime:0.0010s ]
SQL: SELECT r.article_id,a.article_title,a.article_img,FROM_UNIXTIME(a.article_time,'%Y-%m-%d') article_time,a.atype_id,at.atype_name FROM ode_recommend r LEFT JOIN ode_article a ON r.article_id = a.article_id LEFT JOIN ode_articletype at ON a.atype_id = at.atype_id  ORDER BY r.recommend_rank  [ RunTime:0.0010s ]
SQL: SHOW COLUMNS FROM `ode_article` [ RunTime:0.0010s ]
SQL: SHOW COLUMNS FROM `ode_article` [ RunTime:0.0010s ]
SQL: SELECT a.article_id,a.article_title,at.atype_name FROM ode_article a LEFT JOIN ode_articletype at ON a.atype_id = at.atype_id   ORDER BY article_clicks LIMIT 10   [ RunTime:0.0000s ]
INFO: [ view_parse ] --START--
INFO: [ template_filter ] --START--
INFO: Run Behavior\ContentReplaceBehavior [ RunTime:0.000000s ]
INFO: [ template_filter ] --END-- [ RunTime:0.000000s ]
INFO: Run Behavior\ParseTemplateBehavior [ RunTime:0.010001s ]
INFO: [ view_parse ] --END-- [ RunTime:0.010001s ]
INFO: [ view_filter ] --START--
INFO: Run Behavior\WriteHtmlCacheBehavior [ RunTime:0.001000s ]
INFO: [ view_filter ] --END-- [ RunTime:0.001000s ]
INFO: [ app_end ] --START--
INFO: Run Behavior\ShowPageTraceBehavior [ RunTime:0.000000s ]
INFO: [ app_end ] --END-- [ RunTime:0.000000s ]

[ 2017-09-18T18:50:41+08:00 ] ::1 /ode_blog/
INFO: [ app_init ] --START--
INFO: Run Behavior\BuildLiteBehavior [ RunTime:0.001000s ]
INFO: [ app_init ] --END-- [ RunTime:0.010000s ]
INFO: [ app_begin ] --START--
INFO: Run Behavior\ReadHtmlCacheBehavior [ RunTime:0.001000s ]
INFO: [ app_begin ] --END-- [ RunTime:0.001000s ]
SQL: SHOW COLUMNS FROM `ode_category` [ RunTime:0.0420s ]
SQL: SELECT * FROM ode_category c WHERE cat_level = 1 [ RunTime:0.0050s ]
SQL: SELECT * FROM ode_category c WHERE cat_parent_id = 1 [ RunTime:0.0010s ]
SQL: SELECT * FROM ode_category c WHERE cat_parent_id = 2 [ RunTime:0.0000s ]
SQL: SELECT * FROM ode_category c WHERE cat_parent_id = 3 [ RunTime:0.0000s ]
SQL: SELECT * FROM ode_category c WHERE cat_parent_id = 4 [ RunTime:0.0010s ]
SQL: SELECT * FROM ode_category c WHERE cat_parent_id = 5 [ RunTime:0.0000s ]
SQL: SELECT * FROM ode_category c WHERE cat_parent_id = 6 [ RunTime:0.0000s ]
SQL: SHOW COLUMNS FROM `ode_recommend` [ RunTime:0.0230s ]
SQL: SHOW COLUMNS FROM `ode_recommend` [ RunTime:0.0120s ]
SQL: SELECT r.article_id,a.article_title,a.article_img,FROM_UNIXTIME(a.article_time,'%Y-%m-%d') article_time,a.atype_id,at.atype_name FROM ode_recommend r LEFT JOIN ode_article a ON r.article_id = a.article_id LEFT JOIN ode_articletype at ON a.atype_id = at.atype_id  ORDER BY r.recommend_rank  [ RunTime:0.0830s ]
SQL: SHOW COLUMNS FROM `ode_article` [ RunTime:0.0130s ]
SQL: SHOW COLUMNS FROM `ode_article` [ RunTime:0.0120s ]
SQL: SELECT a.article_id,a.article_title,at.atype_name FROM ode_article a LEFT JOIN ode_articletype at ON a.atype_id = at.atype_id   ORDER BY article_clicks LIMIT 10   [ RunTime:0.0230s ]
INFO: [ view_parse ] --START--
INFO: [ template_filter ] --START--
INFO: Run Behavior\ContentReplaceBehavior [ RunTime:0.015001s ]
INFO: [ template_filter ] --END-- [ RunTime:0.015001s ]
INFO: Run Behavior\ParseTemplateBehavior [ RunTime:0.040002s ]
INFO: [ view_parse ] --END-- [ RunTime:0.040002s ]
INFO: [ view_filter ] --START--
INFO: Run Behavior\WriteHtmlCacheBehavior [ RunTime:0.000000s ]
INFO: [ view_filter ] --END-- [ RunTime:0.000000s ]
INFO: [ app_end ] --START--
INFO: Run Behavior\ShowPageTraceBehavior [ RunTime:0.000000s ]
INFO: [ app_end ] --END-- [ RunTime:0.000000s ]

